[13:31:09] [warning] ETOD: 初始化日志系统! 
[13:31:09] [info] APP:  EToD Engine 开发者你好! 
[13:31:09] [trace] ETOD: EToD Engine 2D v0.0.1.1 alpha
[13:31:09] [info] ETOD: 创建窗口 EToD Editor 2D -Powered by SlaterVanS Studio.   Version: v0.0.1.1 alpha (1600, 900)
[13:31:09] [info] ETOD: OpenGL 渲染信息: 
[13:31:09] [info] ETOD: 厂商: Intel
[13:31:09] [info] ETOD: 型号: Intel(R) UHD Graphics 630
[13:31:09] [info] ETOD: 版本: 4.6.0 - Build 26.20.100.6911
[13:31:09] [trace] ETOD: OpenGLShader::Reflect - GL_VERTEX_SHADER assets/shaders/Renderer2D_Quad.glsl
[13:31:09] [trace] ETOD:     1 uniform buffers
[13:31:09] [trace] ETOD:     0 resources
[13:31:09] [trace] ETOD: Uniform buffers:
[13:31:09] [trace] ETOD:   _46_48
[13:31:09] [trace] ETOD:     Size = 64
[13:31:09] [trace] ETOD:     Binding = 0
[13:31:09] [trace] ETOD:     Members = 1
[13:31:09] [trace] ETOD: OpenGLShader::Reflect - GL_FRAGMENT_SHADER assets/shaders/Renderer2D_Quad.glsl
[13:31:09] [trace] ETOD:     0 uniform buffers
[13:31:09] [trace] ETOD:     1 resources
[13:31:09] [trace] ETOD: Uniform buffers:
[13:31:09] [warning] ETOD: Shader creation took 87.2793 ms
[13:31:09] [trace] ETOD: OpenGLShader::Reflect - GL_VERTEX_SHADER assets/shaders/Renderer2D_Circle.glsl
[13:31:09] [trace] ETOD:     1 uniform buffers
[13:31:09] [trace] ETOD:     0 resources
[13:31:09] [trace] ETOD: Uniform buffers:
[13:31:09] [trace] ETOD:   _47_49
[13:31:09] [trace] ETOD:     Size = 64
[13:31:09] [trace] ETOD:     Binding = 0
[13:31:09] [trace] ETOD:     Members = 1
[13:31:09] [trace] ETOD: OpenGLShader::Reflect - GL_FRAGMENT_SHADER assets/shaders/Renderer2D_Circle.glsl
[13:31:09] [trace] ETOD:     0 uniform buffers
[13:31:09] [trace] ETOD:     0 resources
[13:31:09] [trace] ETOD: Uniform buffers:
[13:31:09] [warning] ETOD: Shader creation took 40.6661 ms
[13:31:09] [trace] ETOD: OpenGLShader::Reflect - GL_VERTEX_SHADER assets/shaders/Renderer2D_Line.glsl
[13:31:09] [trace] ETOD:     1 uniform buffers
[13:31:09] [trace] ETOD:     0 resources
[13:31:09] [trace] ETOD: Uniform buffers:
[13:31:09] [trace] ETOD:   _30_32
[13:31:09] [trace] ETOD:     Size = 64
[13:31:09] [trace] ETOD:     Binding = 0
[13:31:09] [trace] ETOD:     Members = 1
[13:31:09] [trace] ETOD: OpenGLShader::Reflect - GL_FRAGMENT_SHADER assets/shaders/Renderer2D_Line.glsl
[13:31:09] [trace] ETOD:     0 uniform buffers
[13:31:09] [trace] ETOD:     0 resources
[13:31:09] [trace] ETOD: Uniform buffers:
[13:31:09] [warning] ETOD: Shader creation took 40.7399 ms
